# JRE version: OpenJDK Runtime Environment (17.0.6) (build 17.0.6+0-b2043.56-9586694)
# Java VM: OpenJDK 64-Bit Server VM (17.0.6+0-b2043.56-9586694, mixed mode, tiered, compressed oops, compressed class ptrs, g1 gc, windows-amd64)
GC Precious Log:
 CPUs: 4 total, 4 available
 Memory: 12162M
 Large Page Support: Disabled
 NUMA Support: Disabled
 Compressed Oops: Enabled (32-bit)
 Heap Region Size: 1M
 Heap Min Capacity: 8M
 Heap Initial Capacity: 192M
 Heap Max Capacity: 2G
 Pre-touch: Disabled
 Parallel Workers: 4
 Concurrent Workers: 1
 Concurrent Refinement Workers: 4
 Periodic GC: Disabled
Heap:
 garbage-first heap   total 395264K, used 240640K [0x0000000080000000, 0x0000000100000000)
  region size 1024K, 51 young (52224K), 17 survivors (17408K)
 Metaspace       used 147457K, committed 148480K, reserved 1179648K
  class space    used 19343K, committed 19840K, reserved 1048576K
GC Heap History (20 events):
Event: 16.696 GC heap before
{Heap before GC invocations=51 (full 0):
 garbage-first heap   total 209920K, used 137805K [0x0000000080000000, 0x0000000100000000)
  region size 1024K, 37 young (37888K), 5 survivors (5120K)
 Metaspace       used 97729K, committed 98368K, reserved 1138688K
  class space    used 13217K, committed 13504K, reserved 1048576K
}
Event: 16.713 GC heap after
{Heap after GC invocations=52 (full 0):
 garbage-first heap   total 209920K, used 110573K [0x0000000080000000, 0x0000000100000000)
  region size 1024K, 5 young (5120K), 5 survivors (5120K)
 Metaspace       used 97729K, committed 98368K, reserved 1138688K
  class space    used 13217K, committed 13504K, reserved 1048576K
}
Event: 16.756 GC heap before
{Heap before GC invocations=52 (full 0):
 garbage-first heap   total 209920K, used 115693K [0x0000000080000000, 0x0000000100000000)
  region size 1024K, 10 young (10240K), 5 survivors (5120K)
 Metaspace       used 97731K, committed 98368K, reserved 1138688K
  class space    used 13217K, committed 13504K, reserved 1048576K
}
Event: 16.771 GC heap after
{Heap after GC invocations=53 (full 0):
 garbage-first heap   total 395264K, used 112581K [0x0000000080000000, 0x0000000100000000)
  region size 1024K, 2 young (2048K), 2 survivors (2048K)
 Metaspace       used 97731K, committed 98368K, reserved 1138688K
  class space    used 13217K, committed 13504K, reserved 1048576K
}
Event: 20.626 GC heap before
{Heap before GC invocations=53 (full 0):
 garbage-first heap   total 395264K, used 302021K [0x0000000080000000, 0x0000000100000000)
  region size 1024K, 188 young (192512K), 2 survivors (2048K)
 Metaspace       used 102682K, committed 103360K, reserved 1138688K
  class space    used 13789K, committed 14144K, reserved 1048576K
}
Event: 20.649 GC heap after
{Heap after GC invocations=54 (full 0):
 garbage-first heap   total 395264K, used 128610K [0x0000000080000000, 0x0000000100000000)
  region size 1024K, 18 young (18432K), 18 survivors (18432K)
 Metaspace       used 102682K, committed 103360K, reserved 1138688K
  class space    used 13789K, committed 14144K, reserved 1048576K
}
Event: 23.219 GC heap before
{Heap before GC invocations=54 (full 0):
 garbage-first heap   total 395264K, used 302690K [0x0000000080000000, 0x0000000100000000)
  region size 1024K, 182 young (186368K), 18 survivors (18432K)
 Metaspace       used 107195K, committed 107840K, reserved 1146880K
  class space    used 14280K, committed 14592K, reserved 1048576K
}
Event: 23.249 GC heap after
{Heap after GC invocations=55 (full 0):
 garbage-first heap   total 395264K, used 141505K [0x0000000080000000, 0x0000000100000000)
  region size 1024K, 9 young (9216K), 9 survivors (9216K)
 Metaspace       used 107195K, committed 107840K, reserved 1146880K
  class space    used 14280K, committed 14592K, reserved 1048576K
}
Event: 27.539 GC heap before
{Heap before GC invocations=55 (full 0):
 garbage-first heap   total 395264K, used 320705K [0x0000000080000000, 0x0000000100000000)
  region size 1024K, 172 young (176128K), 9 survivors (9216K)
 Metaspace       used 117453K, committed 118208K, reserved 1155072K
  class space    used 15433K, committed 15808K, reserved 1048576K
}
Event: 27.595 GC heap after
{Heap after GC invocations=56 (full 0):
 garbage-first heap   total 395264K, used 172032K [0x0000000080000000, 0x0000000100000000)
  region size 1024K, 22 young (22528K), 22 survivors (22528K)
 Metaspace       used 117453K, committed 118208K, reserved 1155072K
  class space    used 15433K, committed 15808K, reserved 1048576K
}
Event: 30.768 GC heap before
{Heap before GC invocations=56 (full 0):
 garbage-first heap   total 395264K, used 330752K [0x0000000080000000, 0x0000000100000000)
  region size 1024K, 153 young (156672K), 22 survivors (22528K)
 Metaspace       used 123900K, committed 124672K, reserved 1163264K
  class space    used 16095K, committed 16448K, reserved 1048576K
}
Event: 30.805 GC heap after
{Heap after GC invocations=57 (full 0):
 garbage-first heap   total 395264K, used 186880K [0x0000000080000000, 0x0000000100000000)
  region size 1024K, 15 young (15360K), 15 survivors (15360K)
 Metaspace       used 123900K, committed 124672K, reserved 1163264K
  class space    used 16095K, committed 16448K, reserved 1048576K
}
Event: 33.688 GC heap before
{Heap before GC invocations=57 (full 0):
 garbage-first heap   total 395264K, used 309760K [0x0000000080000000, 0x0000000100000000)
  region size 1024K, 136 young (139264K), 15 survivors (15360K)
 Metaspace       used 126616K, committed 127488K, reserved 1163264K
  class space    used 16370K, committed 16768K, reserved 1048576K
}
Event: 33.714 GC heap after
{Heap after GC invocations=58 (full 0):
 garbage-first heap   total 395264K, used 178688K [0x0000000080000000, 0x0000000100000000)
  region size 1024K, 3 young (3072K), 3 survivors (3072K)
 Metaspace       used 126616K, committed 127488K, reserved 1163264K
  class space    used 16370K, committed 16768K, reserved 1048576K
}
Event: 37.680 GC heap before
{Heap before GC invocations=58 (full 0):
 garbage-first heap   total 395264K, used 316928K [0x0000000080000000, 0x0000000100000000)
  region size 1024K, 138 young (141312K), 3 survivors (3072K)
 Metaspace       used 137152K, committed 138048K, reserved 1171456K
  class space    used 17839K, committed 18304K, reserved 1048576K
}
Event: 37.702 GC heap after
{Heap after GC invocations=59 (full 0):
 garbage-first heap   total 395264K, used 188124K [0x0000000080000000, 0x0000000100000000)
  region size 1024K, 12 young (12288K), 12 survivors (12288K)
 Metaspace       used 137152K, committed 138048K, reserved 1171456K
  class space    used 17839K, committed 18304K, reserved 1048576K
}
Event: 40.001 GC heap before
{Heap before GC invocations=59 (full 0):
 garbage-first heap   total 395264K, used 318172K [0x0000000080000000, 0x0000000100000000)
  region size 1024K, 140 young (143360K), 12 survivors (12288K)
 Metaspace       used 146828K, committed 147712K, reserved 1179648K
  class space    used 19317K, committed 19776K, reserved 1048576K
}
Event: 40.018 GC heap after
{Heap after GC invocations=60 (full 0):
 garbage-first heap   total 395264K, used 189720K [0x0000000080000000, 0x0000000100000000)
  region size 1024K, 3 young (3072K), 3 survivors (3072K)
 Metaspace       used 146828K, committed 147712K, reserved 1179648K
  class space    used 19317K, committed 19776K, reserved 1048576K
}
Event: 40.871 GC heap before
{Heap before GC invocations=60 (full 0):
 garbage-first heap   total 395264K, used 322840K [0x0000000080000000, 0x0000000100000000)
  region size 1024K, 134 young (137216K), 3 survivors (3072K)
 Metaspace       used 147381K, committed 148288K, reserved 1179648K
  class space    used 19338K, committed 19776K, reserved 1048576K
}
Event: 40.894 GC heap after
{Heap after GC invocations=61 (full 0):
 garbage-first heap   total 395264K, used 206848K [0x0000000080000000, 0x0000000100000000)
  region size 1024K, 17 young (17408K), 17 survivors (17408K)
 Metaspace       used 147381K, committed 148288K, reserved 1179648K
  class space    used 19338K, committed 19776K, reserved 1048576K
}

