# JRE version: OpenJDK Runtime Environment (17.0.6) (build 17.0.6+0-b2043.56-9586694)
# Java VM: OpenJDK 64-Bit Server VM (17.0.6+0-b2043.56-9586694, mixed mode, tiered, compressed oops, compressed class ptrs, g1 gc, windows-amd64)
GC Precious Log:
 CPUs: 4 total, 4 available
 Memory: 12162M
 Large Page Support: Disabled
 NUMA Support: Disabled
 Compressed Oops: Enabled (32-bit)
 Heap Region Size: 1M
 Heap Min Capacity: 8M
 Heap Initial Capacity: 192M
 Heap Max Capacity: 2G
 Pre-touch: Disabled
 Parallel Workers: 4
 Concurrent Workers: 1
 Concurrent Refinement Workers: 4
 Periodic GC: Disabled
Heap:
 garbage-first heap   total 215040K, used 189912K [0x0000000080000000, 0x0000000100000000)
  region size 1024K, 14 young (14336K), 5 survivors (5120K)
 Metaspace       used 97281K, committed 97984K, reserved 1138688K
  class space    used 13048K, committed 13376K, reserved 1048576K
GC Heap History (20 events):
Event: 32.306 GC heap before
{Heap before GC invocations=33 (full 0):
 garbage-first heap   total 179200K, used 154926K [0x0000000080000000, 0x0000000100000000)
  region size 1024K, 19 young (19456K), 2 survivors (2048K)
 Metaspace       used 81535K, committed 82240K, reserved 1122304K
  class space    used 10740K, committed 11072K, reserved 1048576K
}
Event: 32.314 GC heap after
{Heap after GC invocations=34 (full 0):
 garbage-first heap   total 179200K, used 139180K [0x0000000080000000, 0x0000000100000000)
  region size 1024K, 3 young (3072K), 3 survivors (3072K)
 Metaspace       used 81535K, committed 82240K, reserved 1122304K
  class space    used 10740K, committed 11072K, reserved 1048576K
}
Event: 32.889 GC heap before
{Heap before GC invocations=34 (full 0):
 garbage-first heap   total 179200K, used 155564K [0x0000000080000000, 0x0000000100000000)
  region size 1024K, 19 young (19456K), 3 survivors (3072K)
 Metaspace       used 83459K, committed 84160K, reserved 1122304K
  class space    used 11065K, committed 11392K, reserved 1048576K
}
Event: 32.895 GC heap after
{Heap after GC invocations=35 (full 0):
 garbage-first heap   total 179200K, used 139956K [0x0000000080000000, 0x0000000100000000)
  region size 1024K, 1 young (1024K), 1 survivors (1024K)
 Metaspace       used 83459K, committed 84160K, reserved 1122304K
  class space    used 11065K, committed 11392K, reserved 1048576K
}
Event: 33.407 GC heap before
{Heap before GC invocations=35 (full 0):
 garbage-first heap   total 179200K, used 155316K [0x0000000080000000, 0x0000000100000000)
  region size 1024K, 16 young (16384K), 1 survivors (1024K)
 Metaspace       used 85526K, committed 86208K, reserved 1130496K
  class space    used 11506K, committed 11840K, reserved 1048576K
}
Event: 33.412 GC heap after
{Heap after GC invocations=36 (full 0):
 garbage-first heap   total 179200K, used 140847K [0x0000000080000000, 0x0000000100000000)
  region size 1024K, 2 young (2048K), 2 survivors (2048K)
 Metaspace       used 85526K, committed 86208K, reserved 1130496K
  class space    used 11506K, committed 11840K, reserved 1048576K
}
Event: 34.057 GC heap before
{Heap before GC invocations=36 (full 0):
 garbage-first heap   total 179200K, used 156207K [0x0000000080000000, 0x0000000100000000)
  region size 1024K, 17 young (17408K), 2 survivors (2048K)
 Metaspace       used 87010K, committed 87680K, reserved 1130496K
  class space    used 11719K, committed 12032K, reserved 1048576K
}
Event: 34.063 GC heap after
{Heap after GC invocations=37 (full 0):
 garbage-first heap   total 179200K, used 141762K [0x0000000080000000, 0x0000000100000000)
  region size 1024K, 2 young (2048K), 2 survivors (2048K)
 Metaspace       used 87010K, committed 87680K, reserved 1130496K
  class space    used 11719K, committed 12032K, reserved 1048576K
}
Event: 34.650 GC heap before
{Heap before GC invocations=37 (full 0):
 garbage-first heap   total 179200K, used 156098K [0x0000000080000000, 0x0000000100000000)
  region size 1024K, 16 young (16384K), 2 survivors (2048K)
 Metaspace       used 88866K, committed 89536K, reserved 1130496K
  class space    used 11992K, committed 12288K, reserved 1048576K
}
Event: 34.658 GC heap after
{Heap after GC invocations=38 (full 0):
 garbage-first heap   total 179200K, used 142467K [0x0000000080000000, 0x0000000100000000)
  region size 1024K, 2 young (2048K), 2 survivors (2048K)
 Metaspace       used 88866K, committed 89536K, reserved 1130496K
  class space    used 11992K, committed 12288K, reserved 1048576K
}
Event: 35.000 GC heap before
{Heap before GC invocations=38 (full 0):
 garbage-first heap   total 179200K, used 156803K [0x0000000080000000, 0x0000000100000000)
  region size 1024K, 16 young (16384K), 2 survivors (2048K)
 Metaspace       used 90766K, committed 91456K, reserved 1130496K
  class space    used 12231K, committed 12544K, reserved 1048576K
}
Event: 35.005 GC heap after
{Heap after GC invocations=39 (full 0):
 garbage-first heap   total 179200K, used 143565K [0x0000000080000000, 0x0000000100000000)
  region size 1024K, 2 young (2048K), 2 survivors (2048K)
 Metaspace       used 90766K, committed 91456K, reserved 1130496K
  class space    used 12231K, committed 12544K, reserved 1048576K
}
Event: 35.298 GC heap before
{Heap before GC invocations=39 (full 0):
 garbage-first heap   total 179200K, used 156877K [0x0000000080000000, 0x0000000100000000)
  region size 1024K, 15 young (15360K), 2 survivors (2048K)
 Metaspace       used 92216K, committed 92928K, reserved 1130496K
  class space    used 12437K, committed 12800K, reserved 1048576K
}
Event: 35.305 GC heap after
{Heap after GC invocations=40 (full 0):
 garbage-first heap   total 179200K, used 144483K [0x0000000080000000, 0x0000000100000000)
  region size 1024K, 2 young (2048K), 2 survivors (2048K)
 Metaspace       used 92216K, committed 92928K, reserved 1130496K
  class space    used 12437K, committed 12800K, reserved 1048576K
}
Event: 35.630 GC heap before
{Heap before GC invocations=40 (full 0):
 garbage-first heap   total 179200K, used 156771K [0x0000000080000000, 0x0000000100000000)
  region size 1024K, 14 young (14336K), 2 survivors (2048K)
 Metaspace       used 93566K, committed 94272K, reserved 1130496K
  class space    used 12637K, committed 12992K, reserved 1048576K
}
Event: 35.636 GC heap after
{Heap after GC invocations=41 (full 0):
 garbage-first heap   total 179200K, used 145321K [0x0000000080000000, 0x0000000100000000)
  region size 1024K, 2 young (2048K), 2 survivors (2048K)
 Metaspace       used 93566K, committed 94272K, reserved 1130496K
  class space    used 12637K, committed 12992K, reserved 1048576K
}
Event: 35.980 GC heap before
{Heap before GC invocations=41 (full 0):
 garbage-first heap   total 179200K, used 155561K [0x0000000080000000, 0x0000000100000000)
  region size 1024K, 13 young (13312K), 2 survivors (2048K)
 Metaspace       used 94528K, committed 95168K, reserved 1138688K
  class space    used 12750K, committed 13056K, reserved 1048576K
}
Event: 35.990 GC heap after
{Heap after GC invocations=42 (full 0):
 garbage-first heap   total 215040K, used 146955K [0x0000000080000000, 0x0000000100000000)
  region size 1024K, 2 young (2048K), 2 survivors (2048K)
 Metaspace       used 94528K, committed 95168K, reserved 1138688K
  class space    used 12750K, committed 13056K, reserved 1048576K
}
Event: 36.791 GC heap before
{Heap before GC invocations=42 (full 0):
 garbage-first heap   total 215040K, used 173579K [0x0000000080000000, 0x0000000100000000)
  region size 1024K, 20 young (20480K), 2 survivors (2048K)
 Metaspace       used 96596K, committed 97280K, reserved 1138688K
  class space    used 12933K, committed 13248K, reserved 1048576K
}
Event: 36.800 GC heap after
{Heap after GC invocations=43 (full 0):
 garbage-first heap   total 215040K, used 163288K [0x0000000080000000, 0x0000000100000000)
  region size 1024K, 5 young (5120K), 5 survivors (5120K)
 Metaspace       used 96596K, committed 97280K, reserved 1138688K
  class space    used 12933K, committed 13248K, reserved 1048576K
}

